<?xml version="1.0" encoding="UTF-8"?>
<testsuites name="jest tests" tests="43" failures="0" errors="0" time="15.737">
  <testsuite name="Advanced Tab Component Test Suite" errors="0" failures="0" skipped="0" timestamp="2020-11-24T16:40:48" time="11.487" tests="1">
    <testcase classname="Advanced Tab Component Test Suite it shows replica set input and read preference selection" name="Advanced Tab Component Test Suite it shows replica set input and read preference selection" time="0.082">
    </testcase>
  </testsuite>
  <testsuite name="Connect Helper Component Test Suite" errors="0" failures="0" skipped="0" timestamp="2020-11-24T16:40:48" time="11.902" tests="2">
    <testcase classname="Connect Helper Component Test Suite when rendered when onOpenConnectionStringInput is clicked it posts a message to vscode to open the input" name="Connect Helper Component Test Suite when rendered when onOpenConnectionStringInput is clicked it posts a message to vscode to open the input" time="0.181">
    </testcase>
    <testcase classname="Connect Helper Component Test Suite when rendered when onOpenConnectionFrom is clicked it shows the connect form modal" name="Connect Helper Component Test Suite when rendered when onOpenConnectionFrom is clicked it shows the connect form modal" time="0.023">
    </testcase>
  </testsuite>
  <testsuite name="Connect Form Actions Component Test Suite" errors="0" failures="0" skipped="0" timestamp="2020-11-24T16:40:48" time="12.142" tests="2">
    <testcase classname="Connect Form Actions Component Test Suite when rendered when connect is clicked it posts a message to vscode to connect" name="Connect Form Actions Component Test Suite when rendered when connect is clicked it posts a message to vscode to connect" time="0.197">
    </testcase>
    <testcase classname="Connect Form Actions Component Test Suite when rendered when the cancel button is clicked it hides the connect form modal" name="Connect Form Actions Component Test Suite when rendered when the cancel button is clicked it hides the connect form modal" time="0.038">
    </testcase>
  </testsuite>
  <testsuite name="Authentication Component Test Suite" errors="0" failures="0" skipped="0" timestamp="2020-11-24T16:40:48" time="12.534" tests="3">
    <testcase classname="Authentication Component Test Suite it shows a select for the authentication method" name="Authentication Component Test Suite it shows a select for the authentication method" time="0.147">
    </testcase>
    <testcase classname="Authentication Component Test Suite it renders mongodb auth when the authStrategy is set" name="Authentication Component Test Suite it renders mongodb auth when the authStrategy is set" time="0.005">
    </testcase>
    <testcase classname="Authentication Component Test Suite it renders SCRAM-SHA-256 when the auth strategy is set" name="Authentication Component Test Suite it renders SCRAM-SHA-256 when the auth strategy is set" time="0.031">
    </testcase>
  </testsuite>
  <testsuite name="General Tab Component Test Suite" errors="0" failures="0" skipped="0" timestamp="2020-11-24T16:40:48" time="12.667" tests="3">
    <testcase classname="General Tab Component Test Suite it shows host input, srv input, and authentication" name="General Tab Component Test Suite it shows host input, srv input, and authentication" time="0.162">
    </testcase>
    <testcase classname="General Tab Component Test Suite it does not show the port when srv record is true" name="General Tab Component Test Suite it does not show the port when srv record is true" time="0.007">
    </testcase>
    <testcase classname="General Tab Component Test Suite it shows the port input when srv record is false" name="General Tab Component Test Suite it shows the port input when srv record is false" time="0.086">
    </testcase>
  </testsuite>
  <testsuite name="Webview Store Test Suite" errors="0" failures="0" skipped="0" timestamp="2020-11-24T16:41:00" time="0.953" tests="1">
    <testcase classname="Webview Store Test Suite ensure the state updates on an action call" name="Webview Store Test Suite ensure the state updates on an action call" time="0.001">
    </testcase>
  </testsuite>
  <testsuite name="Webview Connection Form Component Test Suite" errors="0" failures="0" skipped="0" timestamp="2020-11-24T16:40:48" time="12.963" tests="5">
    <testcase classname="Webview Connection Form Component Test Suite it shows a connection form" name="Webview Connection Form Component Test Suite it shows a connection form" time="0.075">
    </testcase>
    <testcase classname="Webview Connection Form Component Test Suite it shows the general tab when the connectionFormTab prop is GENERAL" name="Webview Connection Form Component Test Suite it shows the general tab when the connectionFormTab prop is GENERAL" time="0.04">
    </testcase>
    <testcase classname="Webview Connection Form Component Test Suite it shows the ssl tab when the connectionFormTab prop is SSL" name="Webview Connection Form Component Test Suite it shows the ssl tab when the connectionFormTab prop is SSL" time="0.037">
    </testcase>
    <testcase classname="Webview Connection Form Component Test Suite it shows the ssh tab when the connectionFormTab prop is SSH" name="Webview Connection Form Component Test Suite it shows the ssh tab when the connectionFormTab prop is SSH" time="0.034">
    </testcase>
    <testcase classname="Webview Connection Form Component Test Suite it shows the advanced tab when the connectionFormTab prop is ADVANCED" name="Webview Connection Form Component Test Suite it shows the advanced tab when the connectionFormTab prop is ADVANCED" time="0.006">
    </testcase>
  </testsuite>
  <testsuite name="Connection Status Component Test Suite" errors="0" failures="0" skipped="0" timestamp="2020-11-24T16:40:48" time="13.143" tests="9">
    <testcase classname="Connection Status Component Test Suite connected connection status it shows that it is connected to the connection name" name="Connection Status Component Test Suite connected connection status it shows that it is connected to the connection name" time="0.006">
    </testcase>
    <testcase classname="Connection Status Component Test Suite connected connection status it shows a create playground button" name="Connection Status Component Test Suite connected connection status it shows a create playground button" time="0.011">
    </testcase>
    <testcase classname="Connection Status Component Test Suite connected connection status it shows an edit connection name button" name="Connection Status Component Test Suite connected connection status it shows an edit connection name button" time="0.063">
    </testcase>
    <testcase classname="Connection Status Component Test Suite connected connection status with store actions when the edit connection name button is clicked it posts a message to the extension to rename the connection" name="Connection Status Component Test Suite connected connection status with store actions when the edit connection name button is clicked it posts a message to the extension to rename the connection" time="0.224">
    </testcase>
    <testcase classname="Connection Status Component Test Suite disconnected it shows a disconnect message" name="Connection Status Component Test Suite disconnected it shows a disconnect message" time="0.001">
    </testcase>
    <testcase classname="Connection Status Component Test Suite disconnected it does not show a create playground button" name="Connection Status Component Test Suite disconnected it does not show a create playground button" time="0.002">
    </testcase>
    <testcase classname="Connection Status Component Test Suite connecting it shows a connecting message" name="Connection Status Component Test Suite connecting it shows a connecting message" time="0">
    </testcase>
    <testcase classname="Connection Status Component Test Suite disconnecting it shows a connecting message" name="Connection Status Component Test Suite disconnecting it shows a connecting message" time="0.001">
    </testcase>
    <testcase classname="Connection Status Component Test Suite loading it shows a loading message" name="Connection Status Component Test Suite loading it shows a loading message" time="0">
    </testcase>
  </testsuite>
  <testsuite name="Radio Box Group Component Test Suite" errors="0" failures="0" skipped="0" timestamp="2020-11-24T16:41:00" time="1.205" tests="3">
    <testcase classname="Radio Box Group Component Test Suite when rendered it shows an input for each option" name="Radio Box Group Component Test Suite when rendered it shows an input for each option" time="0.003">
    </testcase>
    <testcase classname="Radio Box Group Component Test Suite when rendered it shows the group label" name="Radio Box Group Component Test Suite when rendered it shows the group label" time="0.002">
    </testcase>
    <testcase classname="Radio Box Group Component Test Suite when rendered when an option is clicked it calls the onChange prop with that value" name="Radio Box Group Component Test Suite when rendered when an option is clicked it calls the onChange prop with that value" time="0.007">
    </testcase>
  </testsuite>
  <testsuite name="Resources Panel Component Test Suite" errors="0" failures="0" skipped="0" timestamp="2020-11-24T16:40:48" time="13.109" tests="2">
    <testcase classname="Resources Panel Component Test Suite when rendered when the x is clicked it closes the panel" name="Resources Panel Component Test Suite when rendered when the x is clicked it closes the panel" time="0.112">
    </testcase>
    <testcase classname="Resources Panel Component Test Suite when rendered when a link is clicked it sends a telemetry event to the extension" name="Resources Panel Component Test Suite when rendered when a link is clicked it sends a telemetry event to the extension" time="0.021">
    </testcase>
  </testsuite>
  <testsuite name="Connect Form Modal Component Test Suite" errors="0" failures="0" skipped="0" timestamp="2020-11-24T16:40:48" time="13.157" tests="3">
    <testcase classname="Connect Form Modal Component Test Suite when rendered it shows the connection form" name="Connect Form Modal Component Test Suite when rendered it shows the connection form" time="0.029">
    </testcase>
    <testcase classname="Connect Form Modal Component Test Suite when rendered it shows a close icon" name="Connect Form Modal Component Test Suite when rendered it shows a close icon" time="0.01">
    </testcase>
    <testcase classname="Connect Form Modal Component Test Suite store actions when the x is clicked it closes the connect form" name="Connect Form Modal Component Test Suite store actions when the x is clicked it closes the connect form" time="0.152">
    </testcase>
  </testsuite>
  <testsuite name="Overview Page Component Test Suite" errors="0" failures="0" skipped="0" timestamp="2020-11-24T16:40:48" time="13.362" tests="7">
    <testcase classname="Overview Page Component Test Suite when rendered it shows an overview header" name="Overview Page Component Test Suite when rendered it shows an overview header" time="0.021">
    </testcase>
    <testcase classname="Overview Page Component Test Suite when rendered it shows the connection status" name="Overview Page Component Test Suite when rendered it shows the connection status" time="0.006">
    </testcase>
    <testcase classname="Overview Page Component Test Suite when rendered it shows the connect helper" name="Overview Page Component Test Suite when rendered it shows the connect helper" time="0.007">
    </testcase>
    <testcase classname="Overview Page Component Test Suite when rendered it does not show the connect form modal" name="Overview Page Component Test Suite when rendered it does not show the connect form modal" time="0.005">
    </testcase>
    <testcase classname="Overview Page Component Test Suite when rendered it does not show the resources panel" name="Overview Page Component Test Suite when rendered it does not show the resources panel" time="0.003">
    </testcase>
    <testcase classname="Overview Page Component Test Suite when rendered with showConnectForm it shows the connect form" name="Overview Page Component Test Suite when rendered with showConnectForm it shows the connect form" time="0.005">
    </testcase>
    <testcase classname="Overview Page Component Test Suite when rendered with showResourcesPanel it shows the resources panel" name="Overview Page Component Test Suite when rendered with showResourcesPanel it shows the resources panel" time="0.003">
    </testcase>
  </testsuite>
  <testsuite name="App Component Test Suite" errors="0" failures="0" skipped="0" timestamp="2020-11-24T16:40:48" time="13.508" tests="2">
    <testcase classname="App Component Test Suite when rendered it shows the overview page" name="App Component Test Suite when rendered it shows the overview page" time="0.022">
    </testcase>
    <testcase classname="App Component Test Suite when the extension sends a connection status message it updates the connectionStatus in the store" name="App Component Test Suite when the extension sends a connection status message it updates the connectionStatus in the store" time="0.08">
    </testcase>
  </testsuite>
</testsuites>